<?xml version="1.0" encoding="UTF-8"?>
<testsuite xmlns:xsi="http://www.w3.org/2001/XMLSchema-instance" xsi:noNamespaceSchemaLocation="https://maven.apache.org/surefire/maven-surefire-plugin/xsd/surefire-test-report.xsd" version="3.0.2" name="dev.coms4156.project.calorieservice.RouteControllerTests" time="2.608" tests="16" errors="0" skipped="0" failures="0">
  <properties>
    <property name="java.specification.version" value="17"/>
    <property name="sun.jnu.encoding" value="UTF-8"/>
    <property name="java.class.path" value="/Users/rosebeck/Desktop/adv_prog_push/4156-Team-Project-2025/CalorieService/target/test-classes:/Users/rosebeck/Desktop/adv_prog_push/4156-Team-Project-2025/CalorieService/target/classes:/Users/rosebeck/.m2/repository/org/springframework/boot/spring-boot-starter-web/3.4.4/spring-boot-starter-web-3.4.4.jar:/Users/rosebeck/.m2/repository/org/springframework/boot/spring-boot-starter/3.4.4/spring-boot-starter-3.4.4.jar:/Users/rosebeck/.m2/repository/org/springframework/boot/spring-boot/3.4.4/spring-boot-3.4.4.jar:/Users/rosebeck/.m2/repository/org/springframework/boot/spring-boot-autoconfigure/3.4.4/spring-boot-autoconfigure-3.4.4.jar:/Users/rosebeck/.m2/repository/org/springframework/boot/spring-boot-starter-logging/3.4.4/spring-boot-starter-logging-3.4.4.jar:/Users/rosebeck/.m2/repository/ch/qos/logback/logback-classic/1.5.18/logback-classic-1.5.18.jar:/Users/rosebeck/.m2/repository/ch/qos/logback/logback-core/1.5.18/logback-core-1.5.18.jar:/Users/rosebeck/.m2/repository/org/apache/logging/log4j/log4j-to-slf4j/2.24.3/log4j-to-slf4j-2.24.3.jar:/Users/rosebeck/.m2/repository/org/apache/logging/log4j/log4j-api/2.24.3/log4j-api-2.24.3.jar:/Users/rosebeck/.m2/repository/org/slf4j/jul-to-slf4j/2.0.17/jul-to-slf4j-2.0.17.jar:/Users/rosebeck/.m2/repository/jakarta/annotation/jakarta.annotation-api/2.1.1/jakarta.annotation-api-2.1.1.jar:/Users/rosebeck/.m2/repository/org/yaml/snakeyaml/2.3/snakeyaml-2.3.jar:/Users/rosebeck/.m2/repository/org/springframework/boot/spring-boot-starter-json/3.4.4/spring-boot-starter-json-3.4.4.jar:/Users/rosebeck/.m2/repository/com/fasterxml/jackson/core/jackson-databind/2.18.3/jackson-databind-2.18.3.jar:/Users/rosebeck/.m2/repository/com/fasterxml/jackson/core/jackson-annotations/2.18.3/jackson-annotations-2.18.3.jar:/Users/rosebeck/.m2/repository/com/fasterxml/jackson/core/jackson-core/2.18.3/jackson-core-2.18.3.jar:/Users/rosebeck/.m2/repository/com/fasterxml/jackson/datatype/jackson-datatype-jdk8/2.18.3/jackson-datatype-jdk8-2.18.3.jar:/Users/rosebeck/.m2/repository/com/fasterxml/jackson/datatype/jackson-datatype-jsr310/2.18.3/jackson-datatype-jsr310-2.18.3.jar:/Users/rosebeck/.m2/repository/com/fasterxml/jackson/module/jackson-module-parameter-names/2.18.3/jackson-module-parameter-names-2.18.3.jar:/Users/rosebeck/.m2/repository/org/springframework/boot/spring-boot-starter-tomcat/3.4.4/spring-boot-starter-tomcat-3.4.4.jar:/Users/rosebeck/.m2/repository/org/apache/tomcat/embed/tomcat-embed-core/10.1.39/tomcat-embed-core-10.1.39.jar:/Users/rosebeck/.m2/repository/org/apache/tomcat/embed/tomcat-embed-el/10.1.39/tomcat-embed-el-10.1.39.jar:/Users/rosebeck/.m2/repository/org/apache/tomcat/embed/tomcat-embed-websocket/10.1.39/tomcat-embed-websocket-10.1.39.jar:/Users/rosebeck/.m2/repository/org/springframework/spring-web/6.2.5/spring-web-6.2.5.jar:/Users/rosebeck/.m2/repository/org/springframework/spring-beans/6.2.5/spring-beans-6.2.5.jar:/Users/rosebeck/.m2/repository/io/micrometer/micrometer-observation/1.14.5/micrometer-observation-1.14.5.jar:/Users/rosebeck/.m2/repository/io/micrometer/micrometer-commons/1.14.5/micrometer-commons-1.14.5.jar:/Users/rosebeck/.m2/repository/org/springframework/spring-webmvc/6.2.5/spring-webmvc-6.2.5.jar:/Users/rosebeck/.m2/repository/org/springframework/spring-aop/6.2.5/spring-aop-6.2.5.jar:/Users/rosebeck/.m2/repository/org/springframework/spring-context/6.2.5/spring-context-6.2.5.jar:/Users/rosebeck/.m2/repository/org/springframework/spring-expression/6.2.5/spring-expression-6.2.5.jar:/Users/rosebeck/.m2/repository/org/springframework/boot/spring-boot-starter-test/3.4.4/spring-boot-starter-test-3.4.4.jar:/Users/rosebeck/.m2/repository/org/springframework/boot/spring-boot-test/3.4.4/spring-boot-test-3.4.4.jar:/Users/rosebeck/.m2/repository/org/springframework/boot/spring-boot-test-autoconfigure/3.4.4/spring-boot-test-autoconfigure-3.4.4.jar:/Users/rosebeck/.m2/repository/com/jayway/jsonpath/json-path/2.9.0/json-path-2.9.0.jar:/Users/rosebeck/.m2/repository/org/slf4j/slf4j-api/2.0.17/slf4j-api-2.0.17.jar:/Users/rosebeck/.m2/repository/jakarta/xml/bind/jakarta.xml.bind-api/4.0.2/jakarta.xml.bind-api-4.0.2.jar:/Users/rosebeck/.m2/repository/jakarta/activation/jakarta.activation-api/2.1.3/jakarta.activation-api-2.1.3.jar:/Users/rosebeck/.m2/repository/net/minidev/json-smart/2.5.2/json-smart-2.5.2.jar:/Users/rosebeck/.m2/repository/net/minidev/accessors-smart/2.5.2/accessors-smart-2.5.2.jar:/Users/rosebeck/.m2/repository/org/ow2/asm/asm/9.7.1/asm-9.7.1.jar:/Users/rosebeck/.m2/repository/org/assertj/assertj-core/3.26.3/assertj-core-3.26.3.jar:/Users/rosebeck/.m2/repository/net/bytebuddy/byte-buddy/1.15.11/byte-buddy-1.15.11.jar:/Users/rosebeck/.m2/repository/org/awaitility/awaitility/4.2.2/awaitility-4.2.2.jar:/Users/rosebeck/.m2/repository/org/hamcrest/hamcrest/2.2/hamcrest-2.2.jar:/Users/rosebeck/.m2/repository/org/junit/jupiter/junit-jupiter/5.11.4/junit-jupiter-5.11.4.jar:/Users/rosebeck/.m2/repository/org/junit/jupiter/junit-jupiter-api/5.11.4/junit-jupiter-api-5.11.4.jar:/Users/rosebeck/.m2/repository/org/opentest4j/opentest4j/1.3.0/opentest4j-1.3.0.jar:/Users/rosebeck/.m2/repository/org/junit/platform/junit-platform-commons/1.11.4/junit-platform-commons-1.11.4.jar:/Users/rosebeck/.m2/repository/org/apiguardian/apiguardian-api/1.1.2/apiguardian-api-1.1.2.jar:/Users/rosebeck/.m2/repository/org/junit/jupiter/junit-jupiter-params/5.11.4/junit-jupiter-params-5.11.4.jar:/Users/rosebeck/.m2/repository/org/junit/jupiter/junit-jupiter-engine/5.11.4/junit-jupiter-engine-5.11.4.jar:/Users/rosebeck/.m2/repository/org/junit/platform/junit-platform-engine/1.11.4/junit-platform-engine-1.11.4.jar:/Users/rosebeck/.m2/repository/org/mockito/mockito-core/5.14.2/mockito-core-5.14.2.jar:/Users/rosebeck/.m2/repository/net/bytebuddy/byte-buddy-agent/1.15.11/byte-buddy-agent-1.15.11.jar:/Users/rosebeck/.m2/repository/org/objenesis/objenesis/3.3/objenesis-3.3.jar:/Users/rosebeck/.m2/repository/org/mockito/mockito-junit-jupiter/5.14.2/mockito-junit-jupiter-5.14.2.jar:/Users/rosebeck/.m2/repository/org/skyscreamer/jsonassert/1.5.3/jsonassert-1.5.3.jar:/Users/rosebeck/.m2/repository/com/vaadin/external/google/android-json/0.0.20131108.vaadin1/android-json-0.0.20131108.vaadin1.jar:/Users/rosebeck/.m2/repository/org/springframework/spring-core/6.2.5/spring-core-6.2.5.jar:/Users/rosebeck/.m2/repository/org/springframework/spring-jcl/6.2.5/spring-jcl-6.2.5.jar:/Users/rosebeck/.m2/repository/org/springframework/spring-test/6.2.5/spring-test-6.2.5.jar:/Users/rosebeck/.m2/repository/org/xmlunit/xmlunit-core/2.10.0/xmlunit-core-2.10.0.jar:"/>
    <property name="java.vm.vendor" value="Homebrew"/>
    <property name="sun.arch.data.model" value="64"/>
    <property name="java.vendor.url" value="https://github.com/Homebrew/homebrew-core/issues"/>
    <property name="user.timezone" value="America/New_York"/>
    <property name="os.name" value="Mac OS X"/>
    <property name="java.vm.specification.version" value="17"/>
    <property name="APPLICATION_NAME" value="IndividualProject"/>
    <property name="sun.java.launcher" value="SUN_STANDARD"/>
    <property name="user.country" value="US"/>
    <property name="sun.boot.library.path" value="/opt/homebrew/Cellar/openjdk@17/17.0.16/libexec/openjdk.jdk/Contents/Home/lib"/>
    <property name="sun.java.command" value="/Users/rosebeck/Desktop/adv_prog_push/4156-Team-Project-2025/CalorieService/target/surefire/surefirebooter-20251020013635584_3.jar /Users/rosebeck/Desktop/adv_prog_push/4156-Team-Project-2025/CalorieService/target/surefire 2025-10-20T01-36-35_543-jvmRun1 surefire-20251020013635584_1tmp surefire_0-20251020013635584_2tmp"/>
    <property name="http.nonProxyHosts" value="local|*.local|169.254/16|*.169.254/16"/>
    <property name="jdk.debug" value="release"/>
    <property name="surefire.test.class.path" value="/Users/rosebeck/Desktop/adv_prog_push/4156-Team-Project-2025/CalorieService/target/test-classes:/Users/rosebeck/Desktop/adv_prog_push/4156-Team-Project-2025/CalorieService/target/classes:/Users/rosebeck/.m2/repository/org/springframework/boot/spring-boot-starter-web/3.4.4/spring-boot-starter-web-3.4.4.jar:/Users/rosebeck/.m2/repository/org/springframework/boot/spring-boot-starter/3.4.4/spring-boot-starter-3.4.4.jar:/Users/rosebeck/.m2/repository/org/springframework/boot/spring-boot/3.4.4/spring-boot-3.4.4.jar:/Users/rosebeck/.m2/repository/org/springframework/boot/spring-boot-autoconfigure/3.4.4/spring-boot-autoconfigure-3.4.4.jar:/Users/rosebeck/.m2/repository/org/springframework/boot/spring-boot-starter-logging/3.4.4/spring-boot-starter-logging-3.4.4.jar:/Users/rosebeck/.m2/repository/ch/qos/logback/logback-classic/1.5.18/logback-classic-1.5.18.jar:/Users/rosebeck/.m2/repository/ch/qos/logback/logback-core/1.5.18/logback-core-1.5.18.jar:/Users/rosebeck/.m2/repository/org/apache/logging/log4j/log4j-to-slf4j/2.24.3/log4j-to-slf4j-2.24.3.jar:/Users/rosebeck/.m2/repository/org/apache/logging/log4j/log4j-api/2.24.3/log4j-api-2.24.3.jar:/Users/rosebeck/.m2/repository/org/slf4j/jul-to-slf4j/2.0.17/jul-to-slf4j-2.0.17.jar:/Users/rosebeck/.m2/repository/jakarta/annotation/jakarta.annotation-api/2.1.1/jakarta.annotation-api-2.1.1.jar:/Users/rosebeck/.m2/repository/org/yaml/snakeyaml/2.3/snakeyaml-2.3.jar:/Users/rosebeck/.m2/repository/org/springframework/boot/spring-boot-starter-json/3.4.4/spring-boot-starter-json-3.4.4.jar:/Users/rosebeck/.m2/repository/com/fasterxml/jackson/core/jackson-databind/2.18.3/jackson-databind-2.18.3.jar:/Users/rosebeck/.m2/repository/com/fasterxml/jackson/core/jackson-annotations/2.18.3/jackson-annotations-2.18.3.jar:/Users/rosebeck/.m2/repository/com/fasterxml/jackson/core/jackson-core/2.18.3/jackson-core-2.18.3.jar:/Users/rosebeck/.m2/repository/com/fasterxml/jackson/datatype/jackson-datatype-jdk8/2.18.3/jackson-datatype-jdk8-2.18.3.jar:/Users/rosebeck/.m2/repository/com/fasterxml/jackson/datatype/jackson-datatype-jsr310/2.18.3/jackson-datatype-jsr310-2.18.3.jar:/Users/rosebeck/.m2/repository/com/fasterxml/jackson/module/jackson-module-parameter-names/2.18.3/jackson-module-parameter-names-2.18.3.jar:/Users/rosebeck/.m2/repository/org/springframework/boot/spring-boot-starter-tomcat/3.4.4/spring-boot-starter-tomcat-3.4.4.jar:/Users/rosebeck/.m2/repository/org/apache/tomcat/embed/tomcat-embed-core/10.1.39/tomcat-embed-core-10.1.39.jar:/Users/rosebeck/.m2/repository/org/apache/tomcat/embed/tomcat-embed-el/10.1.39/tomcat-embed-el-10.1.39.jar:/Users/rosebeck/.m2/repository/org/apache/tomcat/embed/tomcat-embed-websocket/10.1.39/tomcat-embed-websocket-10.1.39.jar:/Users/rosebeck/.m2/repository/org/springframework/spring-web/6.2.5/spring-web-6.2.5.jar:/Users/rosebeck/.m2/repository/org/springframework/spring-beans/6.2.5/spring-beans-6.2.5.jar:/Users/rosebeck/.m2/repository/io/micrometer/micrometer-observation/1.14.5/micrometer-observation-1.14.5.jar:/Users/rosebeck/.m2/repository/io/micrometer/micrometer-commons/1.14.5/micrometer-commons-1.14.5.jar:/Users/rosebeck/.m2/repository/org/springframework/spring-webmvc/6.2.5/spring-webmvc-6.2.5.jar:/Users/rosebeck/.m2/repository/org/springframework/spring-aop/6.2.5/spring-aop-6.2.5.jar:/Users/rosebeck/.m2/repository/org/springframework/spring-context/6.2.5/spring-context-6.2.5.jar:/Users/rosebeck/.m2/repository/org/springframework/spring-expression/6.2.5/spring-expression-6.2.5.jar:/Users/rosebeck/.m2/repository/org/springframework/boot/spring-boot-starter-test/3.4.4/spring-boot-starter-test-3.4.4.jar:/Users/rosebeck/.m2/repository/org/springframework/boot/spring-boot-test/3.4.4/spring-boot-test-3.4.4.jar:/Users/rosebeck/.m2/repository/org/springframework/boot/spring-boot-test-autoconfigure/3.4.4/spring-boot-test-autoconfigure-3.4.4.jar:/Users/rosebeck/.m2/repository/com/jayway/jsonpath/json-path/2.9.0/json-path-2.9.0.jar:/Users/rosebeck/.m2/repository/org/slf4j/slf4j-api/2.0.17/slf4j-api-2.0.17.jar:/Users/rosebeck/.m2/repository/jakarta/xml/bind/jakarta.xml.bind-api/4.0.2/jakarta.xml.bind-api-4.0.2.jar:/Users/rosebeck/.m2/repository/jakarta/activation/jakarta.activation-api/2.1.3/jakarta.activation-api-2.1.3.jar:/Users/rosebeck/.m2/repository/net/minidev/json-smart/2.5.2/json-smart-2.5.2.jar:/Users/rosebeck/.m2/repository/net/minidev/accessors-smart/2.5.2/accessors-smart-2.5.2.jar:/Users/rosebeck/.m2/repository/org/ow2/asm/asm/9.7.1/asm-9.7.1.jar:/Users/rosebeck/.m2/repository/org/assertj/assertj-core/3.26.3/assertj-core-3.26.3.jar:/Users/rosebeck/.m2/repository/net/bytebuddy/byte-buddy/1.15.11/byte-buddy-1.15.11.jar:/Users/rosebeck/.m2/repository/org/awaitility/awaitility/4.2.2/awaitility-4.2.2.jar:/Users/rosebeck/.m2/repository/org/hamcrest/hamcrest/2.2/hamcrest-2.2.jar:/Users/rosebeck/.m2/repository/org/junit/jupiter/junit-jupiter/5.11.4/junit-jupiter-5.11.4.jar:/Users/rosebeck/.m2/repository/org/junit/jupiter/junit-jupiter-api/5.11.4/junit-jupiter-api-5.11.4.jar:/Users/rosebeck/.m2/repository/org/opentest4j/opentest4j/1.3.0/opentest4j-1.3.0.jar:/Users/rosebeck/.m2/repository/org/junit/platform/junit-platform-commons/1.11.4/junit-platform-commons-1.11.4.jar:/Users/rosebeck/.m2/repository/org/apiguardian/apiguardian-api/1.1.2/apiguardian-api-1.1.2.jar:/Users/rosebeck/.m2/repository/org/junit/jupiter/junit-jupiter-params/5.11.4/junit-jupiter-params-5.11.4.jar:/Users/rosebeck/.m2/repository/org/junit/jupiter/junit-jupiter-engine/5.11.4/junit-jupiter-engine-5.11.4.jar:/Users/rosebeck/.m2/repository/org/junit/platform/junit-platform-engine/1.11.4/junit-platform-engine-1.11.4.jar:/Users/rosebeck/.m2/repository/org/mockito/mockito-core/5.14.2/mockito-core-5.14.2.jar:/Users/rosebeck/.m2/repository/net/bytebuddy/byte-buddy-agent/1.15.11/byte-buddy-agent-1.15.11.jar:/Users/rosebeck/.m2/repository/org/objenesis/objenesis/3.3/objenesis-3.3.jar:/Users/rosebeck/.m2/repository/org/mockito/mockito-junit-jupiter/5.14.2/mockito-junit-jupiter-5.14.2.jar:/Users/rosebeck/.m2/repository/org/skyscreamer/jsonassert/1.5.3/jsonassert-1.5.3.jar:/Users/rosebeck/.m2/repository/com/vaadin/external/google/android-json/0.0.20131108.vaadin1/android-json-0.0.20131108.vaadin1.jar:/Users/rosebeck/.m2/repository/org/springframework/spring-core/6.2.5/spring-core-6.2.5.jar:/Users/rosebeck/.m2/repository/org/springframework/spring-jcl/6.2.5/spring-jcl-6.2.5.jar:/Users/rosebeck/.m2/repository/org/springframework/spring-test/6.2.5/spring-test-6.2.5.jar:/Users/rosebeck/.m2/repository/org/xmlunit/xmlunit-core/2.10.0/xmlunit-core-2.10.0.jar:"/>
    <property name="sun.cpu.endian" value="little"/>
    <property name="user.home" value="/Users/rosebeck"/>
    <property name="user.language" value="en"/>
    <property name="java.specification.vendor" value="Oracle Corporation"/>
    <property name="java.version.date" value="2025-07-15"/>
    <property name="java.home" value="/opt/homebrew/Cellar/openjdk@17/17.0.16/libexec/openjdk.jdk/Contents/Home"/>
    <property name="file.separator" value="/"/>
    <property name="basedir" value="/Users/rosebeck/Desktop/adv_prog_push/4156-Team-Project-2025/CalorieService"/>
    <property name="java.vm.compressedOopsMode" value="Zero based"/>
    <property name="line.separator" value="&#10;"/>
    <property name="java.specification.name" value="Java Platform API Specification"/>
    <property name="java.vm.specification.vendor" value="Oracle Corporation"/>
    <property name="FILE_LOG_CHARSET" value="UTF-8"/>
    <property name="java.awt.headless" value="true"/>
    <property name="surefire.real.class.path" value="/Users/rosebeck/Desktop/adv_prog_push/4156-Team-Project-2025/CalorieService/target/surefire/surefirebooter-20251020013635584_3.jar"/>
    <property name="sun.management.compiler" value="HotSpot 64-Bit Tiered Compilers"/>
    <property name="ftp.nonProxyHosts" value="local|*.local|169.254/16|*.169.254/16"/>
    <property name="java.runtime.version" value="17.0.16+0"/>
    <property name="user.name" value="rosebeck"/>
    <property name="path.separator" value=":"/>
    <property name="os.version" value="14.6.1"/>
    <property name="java.runtime.name" value="OpenJDK Runtime Environment"/>
    <property name="file.encoding" value="UTF-8"/>
    <property name="java.vm.name" value="OpenJDK 64-Bit Server VM"/>
    <property name="java.vendor.version" value="Homebrew"/>
    <property name="localRepository" value="/Users/rosebeck/.m2/repository"/>
    <property name="java.vendor.url.bug" value="https://github.com/Homebrew/homebrew-core/issues"/>
    <property name="java.io.tmpdir" value="/var/folders/f5/5_v08rqd4gqfhkkqtznbt4sr0000gn/T/"/>
    <property name="java.version" value="17.0.16"/>
    <property name="user.dir" value="/Users/rosebeck/Desktop/adv_prog_push/4156-Team-Project-2025/CalorieService"/>
    <property name="os.arch" value="aarch64"/>
    <property name="java.vm.specification.name" value="Java Virtual Machine Specification"/>
    <property name="PID" value="27800"/>
    <property name="CONSOLE_LOG_CHARSET" value="UTF-8"/>
    <property name="native.encoding" value="UTF-8"/>
    <property name="java.library.path" value="/Users/rosebeck/Library/Java/Extensions:/Library/Java/Extensions:/Network/Library/Java/Extensions:/System/Library/Java/Extensions:/usr/lib/java:."/>
    <property name="java.vm.info" value="mixed mode, sharing"/>
    <property name="java.vendor" value="Homebrew"/>
    <property name="java.vm.version" value="17.0.16+0"/>
    <property name="java.specification.maintenance.version" value="1"/>
    <property name="sun.io.unicode.encoding" value="UnicodeBig"/>
    <property name="socksNonProxyHosts" value="local|*.local|169.254/16|*.169.254/16"/>
    <property name="java.class.version" value="61.0"/>
    <property name="LOGGED_APPLICATION_NAME" value="[IndividualProject] "/>
  </properties>
  <testcase name="totalCalorieEndpointReturnsAggregatedCalories" classname="dev.coms4156.project.calorieservice.RouteControllerTests" time="0.902">
    <system-out><![CDATA[01:36:36.486 [main] INFO org.springframework.test.context.support.AnnotationConfigContextLoaderUtils -- Could not detect default configuration classes for test class [dev.coms4156.project.calorieservice.RouteControllerTests]: RouteControllerTests does not declare any static, non-private, non-final, nested classes annotated with @Configuration.
01:36:36.606 [main] INFO org.springframework.boot.test.context.SpringBootTestContextBootstrapper -- Found @SpringBootConfiguration dev.coms4156.project.calorieservice.CalorieService for test class dev.coms4156.project.calorieservice.RouteControllerTests

  .   ____          _            __ _ _
 /\\ / ___'_ __ _ _(_)_ __  __ _ \ \ \ \
( ( )\___ | '_ | '_| | '_ \/ _` | \ \ \ \
 \\/  ___)| |_)| | | | | || (_| |  ) ) ) )
  '  |____| .__|_| |_|_| |_\__, | / / / /
 =========|_|==============|___/=/_/_/_/

 :: Spring Boot ::                (v3.4.4)

2025-10-20T01:36:37.004-04:00  INFO 27800 --- [IndividualProject] [           main] d.c.p.c.RouteControllerTests             : Starting RouteControllerTests using Java 17.0.16 with PID 27800 (started by rosebeck in /Users/rosebeck/Desktop/adv_prog_push/4156-Team-Project-2025/CalorieService)
2025-10-20T01:36:37.005-04:00  INFO 27800 --- [IndividualProject] [           main] d.c.p.c.RouteControllerTests             : No active profile set, falling back to 1 default profile: "default"
2025-10-20T01:36:37.888-04:00  INFO 27800 --- [IndividualProject] [           main] o.s.b.t.m.w.SpringBootMockServletContext : Initializing Spring TestDispatcherServlet ''
2025-10-20T01:36:37.888-04:00  INFO 27800 --- [IndividualProject] [           main] o.s.t.web.servlet.TestDispatcherServlet  : Initializing Servlet ''
2025-10-20T01:36:37.889-04:00  INFO 27800 --- [IndividualProject] [           main] o.s.t.web.servlet.TestDispatcherServlet  : Completed initialization in 1 ms
2025-10-20T01:36:37.910-04:00  INFO 27800 --- [IndividualProject] [           main] d.c.p.c.RouteControllerTests             : Started RouteControllerTests in 1.127 seconds (process running for 2.287)
]]></system-out>
  </testcase>
  <testcase name="viewRecipeEndpointReturns404ForNonExistentRecipe" classname="dev.coms4156.project.calorieservice.RouteControllerTests" time="0.005"/>
  <testcase name="viewRecipeEndpointIncrementsViews" classname="dev.coms4156.project.calorieservice.RouteControllerTests" time="0.015"/>
  <testcase name="calorieBreakdownEndpointReturns404ForNonExistentRecipe" classname="dev.coms4156.project.calorieservice.RouteControllerTests" time="0.003"/>
  <testcase name="addRecipeEndpointReturns400ForMissingRecipeId" classname="dev.coms4156.project.calorieservice.RouteControllerTests" time="0.004"/>
  <testcase name="likeRecipeEndpointReturns404ForNonExistentRecipe" classname="dev.coms4156.project.calorieservice.RouteControllerTests" time="0.002"/>
  <testcase name="alternativeEndpointReturnsEmptyListsWhenNoAlternativesExist" classname="dev.coms4156.project.calorieservice.RouteControllerTests" time="0.012"/>
  <testcase name="totalCalorieEndpointReturns404ForNonExistentRecipe" classname="dev.coms4156.project.calorieservice.RouteControllerTests" time="0.002"/>
  <testcase name="addRecipeEndpointCreatesRecipeAndHandlesConflict" classname="dev.coms4156.project.calorieservice.RouteControllerTests" time="0.005"/>
  <testcase name="calorieBreakdownEndpointReturnsIngredientCalories" classname="dev.coms4156.project.calorieservice.RouteControllerTests" time="0.003"/>
  <testcase name="likeRecipeEndpointIncrementsLikes" classname="dev.coms4156.project.calorieservice.RouteControllerTests" time="0.005"/>
  <testcase name="recipeWithNullCategoryCanBeAdded" classname="dev.coms4156.project.calorieservice.RouteControllerTests" time="0.003"/>
  <testcase name="recipeWithZeroIngredientsReturnsZeroCalories" classname="dev.coms4156.project.calorieservice.RouteControllerTests" time="0.003"/>
  <testcase name="addRecipeEndpointReturns400ForMalformedJson" classname="dev.coms4156.project.calorieservice.RouteControllerTests" time="0.026">
    <system-out><![CDATA[2025-10-20T01:36:38.913-04:00  WARN 27800 --- [IndividualProject] [           main] .w.s.m.s.DefaultHandlerExceptionResolver : Resolved [org.springframework.http.converter.HttpMessageNotReadableException: JSON parse error: Unexpected character ('r' (code 114)): was expecting double-quote to start field name]
]]></system-out>
  </testcase>
  <testcase name="alternativeEndpointReturnsRecommendations" classname="dev.coms4156.project.calorieservice.RouteControllerTests" time="0.022"/>
  <testcase name="alternativeEndpointReturns404ForNonExistentRecipe" classname="dev.coms4156.project.calorieservice.RouteControllerTests" time="0.003"/>
</testsuite>